extract_metadata: 0.5573490000000021
detect_features: 12.821282672999999
match_features: 5.614695252999994
create_tracks: 0.19022700000000725
reconstruct: 4.048000586000001
undistort: 10.602639963000001
compute_depthmaps: 106.96166284
extract_metadata: 0.004996999999999918
detect_features: 1.8771509170000003
match_features: 4.2015094180000006
create_tracks: 0.17845233299999919
reconstruct: 3.0007619189999986
undistort: 9.906604047000002
compute_depthmaps: 2.4255339179999993
extract_metadata: 0.006522957999550272
detect_features: 2.493245958998159
match_features: 2.4975409600010607
create_tracks: 0.26191100000141887
reconstruct: 5.460761294001713
undistort: 6.4144507110031554
compute_depthmaps: 3.8322496690016123
