extract_metadata: 1.7241077089965984
detect_features: 36.74496504199851
match_features: 43.95275016699816
create_tracks: 0.9848188750002009
reconstruct: 33.669428540997615
extract_metadata: 0.012712916999589652
detect_features: 7.431105542000296
match_features: 44.30285987499883
create_tracks: 0.9968346249988826
reconstruct: 36.33963270899767
undistort: 59.6331028329987
export_openmvs: 0.38447291600095923
extract_metadata: 0.012036749998515006
detect_features: 7.599669082999753
match_features: 45.399680040998646
create_tracks: 1.0145477910009504
reconstruct: 36.424287709000055
undistort: 59.87580583300223
export_openmvs: 0.3909951660025399
extract_metadata: 0.012756959000398638
detect_features: 7.429990542001178
match_features: 44.786988374999055
create_tracks: 1.0066217919993505
reconstruct: 35.047838416998275
undistort: 59.887882624996564
export_openmvs: 0.3889112090000708
extract_metadata: 0.03166337500078953
detect_features: 7.4296605000017735
match_features: 44.05101391599965
create_tracks: 1.0036542079978972
reconstruct: 34.88432595799895
undistort: 59.809120417001395
export_openmvs: 0.38447979199918336
extract_metadata: 0.01625845900002787
detect_features: 7.753986420000047
match_features: 43.439087977999975
create_tracks: 1.0624208339999086
reconstruct: 33.14756151400002
undistort: 43.93939518800005
export_openmvs: 0.459198792000052
extract_metadata: 0.013773874999999602
detect_features: 7.765845795000001
match_features: 43.043861895
create_tracks: 1.0096407080000063
reconstruct: 36.293811682999994
undistort: 43.59022772899999
export_openmvs: 0.429024792000007
extract_metadata: 0.011356667000086418
detect_features: 7.698421961999998
match_features: 42.633030477000034
create_tracks: 1.0176823749999357
reconstruct: 34.861126642000045
undistort: 44.43219660400007
export_openmvs: 0.4439818749999631
extract_metadata: 0.01148691699995652
detect_features: 7.636409128000082
match_features: 43.16078864499991
create_tracks: 1.0105454580000242
reconstruct: 39.578497810000044
undistort: 43.59411710299992
export_openmvs: 0.43682220799996685
extract_metadata: 0.010734791999993831
detect_features: 7.690207837000116
match_features: 42.87439472799997
create_tracks: 1.005893500999946
reconstruct: 35.49349239100002
undistort: 43.67855352099991
export_openmvs: 0.43114279200017336
extract_metadata: 0.014185332999886668
detect_features: 7.82197837800004
match_features: 43.9027911029998
create_tracks: 1.0171513339996636
reconstruct: 40.01809931000025
undistort: 43.7982547710003
export_openmvs: 0.4509357080000882
extract_metadata: 0.01394387500022276
detect_features: 7.714635754000028
match_features: 43.05159310299996
create_tracks: 1.0235487509999075
reconstruct: 36.75808843300001
undistort: 43.517586854
export_openmvs: 0.47943791699981375
extract_metadata: 0.011219292000077985
detect_features: 7.757223462000184
match_features: 43.21518572800005
create_tracks: 1.0493245419997947
reconstruct: 35.505542307999804
undistort: 44.104867687000024
compute_depthmaps: 574.444752803
extract_metadata: 0.013819999999999943
detect_features: 7.8684219209999995
match_features: 43.121064395000005
create_tracks: 1.0366252500000002
reconstruct: 32.043119014
undistort: 43.68643252000001
export_openmvs: 0.45198620900001174
extract_metadata: 0.01360912500001632
detect_features: 7.727917837000064
match_features: 43.10675101999993
create_tracks: 1.0284983340000053
reconstruct: 36.08238247499992
undistort: 43.800936979000085
export_openmvs: 0.43442962500000704
extract_metadata: 0.01019529199999969
detect_features: 7.7797594199999995
match_features: 42.810745853
create_tracks: 1.0141626670000008
reconstruct: 43.45228922799999
undistort: 43.644035478999996
export_openmvs: 0.43122920799999065
extract_metadata: 0.01322183300362667
detect_features: 8.070624671003316
match_features: 42.77805218499998
create_tracks: 1.062265958993521
reconstruct: 40.00996489299723
undistort: 43.63088576900191
compute_depthmaps: 568.576644175002
extract_metadata: 0.012726291999570094
detect_features: 2.882175418002589
match_features: 21.22551409299922
create_tracks: 1.061732291993394
reconstruct: 26.12407192899991
undistort: 14.97804863100464
compute_depthmaps: 7.996874712000135
